01_applications_and_tools/n8n-android-local/android/app/build/intermediates/manifest_merge_blame_file/debug/manifest-merger-blame-debug-report.txt
1<?xml version="1.0" encoding="utf-8"?>
2<manifest xmlns:android="http://schemas.android.com/apk/res/android"
3    package="io.n8n.local.app"
4    android:versionCode="1"
5    android:versionName="1.0.0" >
6
7    <uses-sdk
8        android:minSdkVersion="24"
9        android:targetSdkVersion="34" />
10
11    <!-- Network & Host Capabilities -->
12    <uses-permission android:name="android.permission.INTERNET" />
12-->src\main\AndroidManifest.xml:7:5-67
12-->src\main\AndroidManifest.xml:7:22-64
13    <uses-permission android:name="android.permission.ACCESS_NETWORK_STATE" />
13-->src\main\AndroidManifest.xml:8:5-79
13-->src\main\AndroidManifest.xml:8:22-76
14    <uses-permission android:name="android.permission.ACCESS_WIFI_STATE" />
14-->src\main\AndroidManifest.xml:9:5-76
14-->src\main\AndroidManifest.xml:9:22-73
15
16    <!-- Process Keep-Alive & Background Execution -->
17    <uses-permission android:name="android.permission.WAKE_LOCK" />
17-->src\main\AndroidManifest.xml:12:5-68
17-->src\main\AndroidManifest.xml:12:22-65
18    <uses-permission android:name="android.permission.FOREGROUND_SERVICE" />
18-->src\main\AndroidManifest.xml:13:5-77
18-->src\main\AndroidManifest.xml:13:22-74
19    <uses-permission android:name="android.permission.POST_NOTIFICATIONS" />
19-->src\main\AndroidManifest.xml:14:5-77
19-->src\main\AndroidManifest.xml:14:22-74
20    <uses-permission android:name="android.permission.REQUEST_IGNORE_BATTERY_OPTIMIZATIONS" />
20-->src\main\AndroidManifest.xml:15:5-95
20-->src\main\AndroidManifest.xml:15:22-92
21
22    <!-- Termux & Shizuku Privileged Integrations -->
23    <uses-permission android:name="com.termux.permission.RUN_COMMAND" />
23-->src\main\AndroidManifest.xml:18:5-73
23-->src\main\AndroidManifest.xml:18:22-70
24    <uses-permission android:name="moe.shizuku.manager.permission.API_V23" />
24-->src\main\AndroidManifest.xml:19:5-78
24-->src\main\AndroidManifest.xml:19:22-75
25
26    <!-- Local File Storage & Workflow Asset Access -->
27    <uses-permission
27-->src\main\AndroidManifest.xml:22:5-107
28        android:name="android.permission.READ_EXTERNAL_STORAGE"
28-->src\main\AndroidManifest.xml:22:22-77
29        android:maxSdkVersion="32" />
29-->src\main\AndroidManifest.xml:22:78-104
30    <uses-permission
30-->src\main\AndroidManifest.xml:23:5-137
31        android:name="android.permission.WRITE_EXTERNAL_STORAGE"
31-->src\main\AndroidManifest.xml:23:22-78
32        android:maxSdkVersion="29" />
32-->src\main\AndroidManifest.xml:23:79-105
33
34    <queries>
34-->[:capacitor-browser] AndroidManifest.xml:7:5-11:15
35        <intent>
35-->[:capacitor-browser] AndroidManifest.xml:8:9-10:18
36            <action android:name="android.support.customtabs.action.CustomTabsService" />
36-->[:capacitor-browser] AndroidManifest.xml:9:13-90
36-->[:capacitor-browser] AndroidManifest.xml:9:21-87
37        </intent>
38    </queries>
39
40    <uses-permission android:name="android.permission.VIBRATE" />
40-->[:capacitor-haptics] AndroidManifest.xml:7:5-66
40-->[:capacitor-haptics] AndroidManifest.xml:7:22-63
41
42    <permission
42-->[androidx.core:core:1.12.0] AndroidManifest.xml:22:5-24:47
43        android:name="io.n8n.local.app.DYNAMIC_RECEIVER_NOT_EXPORTED_PERMISSION"
43-->[androidx.core:core:1.12.0] AndroidManifest.xml:23:9-81
44        android:protectionLevel="signature" />
44-->[androidx.core:core:1.12.0] AndroidManifest.xml:24:9-44
45
46    <uses-permission android:name="io.n8n.local.app.DYNAMIC_RECEIVER_NOT_EXPORTED_PERMISSION" />
46-->[androidx.core:core:1.12.0] AndroidManifest.xml:26:5-97
46-->[androidx.core:core:1.12.0] AndroidManifest.xml:26:22-94
47
48    <application
48-->src\main\AndroidManifest.xml:25:5-84:19
49        android:allowBackup="true"
49-->src\main\AndroidManifest.xml:26:9-35
50        android:appComponentFactory="androidx.core.app.CoreComponentFactory"
50-->[androidx.core:core:1.12.0] AndroidManifest.xml:28:18-86
51        android:debuggable="true"
52        android:extractNativeLibs="false"
53        android:hardwareAccelerated="true"
53-->src\main\AndroidManifest.xml:34:9-43
54        android:icon="@mipmap/ic_launcher"
54-->src\main\AndroidManifest.xml:27:9-43
55        android:label="@string/app_name"
55-->src\main\AndroidManifest.xml:28:9-41
56        android:largeHeap="true"
56-->src\main\AndroidManifest.xml:35:9-33
57        android:networkSecurityConfig="@xml/network_security_config"
57-->src\main\AndroidManifest.xml:33:9-69
58        android:roundIcon="@mipmap/ic_launcher_round"
58-->src\main\AndroidManifest.xml:29:9-54
59        android:supportsRtl="true"
59-->src\main\AndroidManifest.xml:30:9-35
60        android:theme="@style/AppTheme"
60-->src\main\AndroidManifest.xml:31:9-40
61        android:usesCleartextTraffic="true" >
61-->src\main\AndroidManifest.xml:32:9-44
62        <activity
62-->src\main\AndroidManifest.xml:37:9-73:20
63            android:name="io.n8n.local.app.MainActivity"
63-->src\main\AndroidManifest.xml:38:13-57
64            android:configChanges="orientation|keyboardHidden|keyboard|screenSize|locale|smallestScreenSize|screenLayout|uiMode"
64-->src\main\AndroidManifest.xml:39:13-129
65            android:exported="true"
65-->src\main\AndroidManifest.xml:40:13-36
66            android:label="@string/title_activity_main"
66-->src\main\AndroidManifest.xml:41:13-56
67            android:launchMode="singleTask"
67-->src\main\AndroidManifest.xml:42:13-44
68            android:theme="@style/AppTheme.NoActionBarLaunch"
68-->src\main\AndroidManifest.xml:43:13-62
69            android:windowSoftInputMode="adjustResize" >
69-->src\main\AndroidManifest.xml:44:13-55
70            <intent-filter>
70-->src\main\AndroidManifest.xml:46:13-49:29
71                <action android:name="android.intent.action.MAIN" />
71-->src\main\AndroidManifest.xml:47:17-69
71-->src\main\AndroidManifest.xml:47:25-66
72
73                <category android:name="android.intent.category.LAUNCHER" />
73-->src\main\AndroidManifest.xml:48:17-77
73-->src\main\AndroidManifest.xml:48:27-74
74            </intent-filter>
75
76            <!-- Custom URL Scheme for Local Intents & Webhooks -->
77            <intent-filter>
77-->src\main\AndroidManifest.xml:52:13-57:29
78                <action android:name="android.intent.action.VIEW" />
78-->src\main\AndroidManifest.xml:53:17-69
78-->src\main\AndroidManifest.xml:53:25-66
79
80                <category android:name="android.intent.category.DEFAULT" />
80-->src\main\AndroidManifest.xml:54:17-76
80-->src\main\AndroidManifest.xml:54:27-73
81                <category android:name="android.intent.category.BROWSABLE" />
81-->src\main\AndroidManifest.xml:55:17-78
81-->src\main\AndroidManifest.xml:55:27-75
82
83                <data android:scheme="n8n" />
83-->src\main\AndroidManifest.xml:56:17-46
83-->src\main\AndroidManifest.xml:56:23-43
84            </intent-filter>
85
86            <!-- Deep link to local daemon -->
87            <intent-filter>
87-->src\main\AndroidManifest.xml:60:13-72:29
88                <action android:name="android.intent.action.VIEW" />
88-->src\main\AndroidManifest.xml:53:17-69
88-->src\main\AndroidManifest.xml:53:25-66
89
90                <category android:name="android.intent.category.DEFAULT" />
90-->src\main\AndroidManifest.xml:54:17-76
90-->src\main\AndroidManifest.xml:54:27-73
91                <category android:name="android.intent.category.BROWSABLE" />
91-->src\main\AndroidManifest.xml:55:17-78
91-->src\main\AndroidManifest.xml:55:27-75
92
93                <data
93-->src\main\AndroidManifest.xml:56:17-46
94                    android:host="localhost"
94-->src\main\AndroidManifest.xml:66:21-45
95                    android:port="5678"
95-->src\main\AndroidManifest.xml:67:21-40
96                    android:scheme="http" />
96-->src\main\AndroidManifest.xml:56:23-43
97                <data
97-->src\main\AndroidManifest.xml:56:17-46
98                    android:host="127.0.0.1"
98-->src\main\AndroidManifest.xml:66:21-45
99                    android:port="5678"
99-->src\main\AndroidManifest.xml:67:21-40
100                    android:scheme="http" />
100-->src\main\AndroidManifest.xml:56:23-43
101            </intent-filter>
102        </activity>
103
104        <provider
105            android:name="androidx.core.content.FileProvider"
105-->src\main\AndroidManifest.xml:76:13-62
106            android:authorities="io.n8n.local.app.fileprovider"
106-->src\main\AndroidManifest.xml:77:13-64
107            android:exported="false"
107-->src\main\AndroidManifest.xml:78:13-37
108            android:grantUriPermissions="true" >
108-->src\main\AndroidManifest.xml:79:13-47
109            <meta-data
109-->src\main\AndroidManifest.xml:80:13-82:54
110                android:name="android.support.FILE_PROVIDER_PATHS"
110-->src\main\AndroidManifest.xml:81:17-67
111                android:resource="@xml/file_paths" />
111-->src\main\AndroidManifest.xml:82:17-51
112        </provider>
113
114        <activity
114-->[:capacitor-browser] AndroidManifest.xml:14:9-18:75
115            android:name="com.capacitorjs.plugins.browser.BrowserControllerActivity"
115-->[:capacitor-browser] AndroidManifest.xml:15:13-85
116            android:exported="false"
116-->[:capacitor-browser] AndroidManifest.xml:16:13-37
117            android:launchMode="singleTask"
117-->[:capacitor-browser] AndroidManifest.xml:17:13-44
118            android:theme="@android:style/Theme.Translucent.NoTitleBar" />
118-->[:capacitor-browser] AndroidManifest.xml:18:13-72
119
120        <provider
120-->[androidx.emoji2:emoji2:1.2.0] AndroidManifest.xml:24:9-32:20
121            android:name="androidx.startup.InitializationProvider"
121-->[androidx.emoji2:emoji2:1.2.0] AndroidManifest.xml:25:13-67
122            android:authorities="io.n8n.local.app.androidx-startup"
122-->[androidx.emoji2:emoji2:1.2.0] AndroidManifest.xml:26:13-68
123            android:exported="false" >
123-->[androidx.emoji2:emoji2:1.2.0] AndroidManifest.xml:27:13-37
124            <meta-data
124-->[androidx.emoji2:emoji2:1.2.0] AndroidManifest.xml:29:13-31:52
125                android:name="androidx.emoji2.text.EmojiCompatInitializer"
125-->[androidx.emoji2:emoji2:1.2.0] AndroidManifest.xml:30:17-75
126                android:value="androidx.startup" />
126-->[androidx.emoji2:emoji2:1.2.0] AndroidManifest.xml:31:17-49
127            <meta-data
127-->[androidx.lifecycle:lifecycle-process:2.6.1] AndroidManifest.xml:29:13-31:52
128                android:name="androidx.lifecycle.ProcessLifecycleInitializer"
128-->[androidx.lifecycle:lifecycle-process:2.6.1] AndroidManifest.xml:30:17-78
129                android:value="androidx.startup" />
129-->[androidx.lifecycle:lifecycle-process:2.6.1] AndroidManifest.xml:31:17-49
130            <meta-data
130-->[androidx.profileinstaller:profileinstaller:1.3.0] AndroidManifest.xml:29:13-31:52
131                android:name="androidx.profileinstaller.ProfileInstallerInitializer"
131-->[androidx.profileinstaller:profileinstaller:1.3.0] AndroidManifest.xml:30:17-85
132                android:value="androidx.startup" />
132-->[androidx.profileinstaller:profileinstaller:1.3.0] AndroidManifest.xml:31:17-49
133        </provider>
134
135        <receiver
135-->[androidx.profileinstaller:profileinstaller:1.3.0] AndroidManifest.xml:34:9-52:20
136            android:name="androidx.profileinstaller.ProfileInstallReceiver"
136-->[androidx.profileinstaller:profileinstaller:1.3.0] AndroidManifest.xml:35:13-76
137            android:directBootAware="false"
137-->[androidx.profileinstaller:profileinstaller:1.3.0] AndroidManifest.xml:36:13-44
138            android:enabled="true"
138-->[androidx.profileinstaller:profileinstaller:1.3.0] AndroidManifest.xml:37:13-35
139            android:exported="true"
139-->[androidx.profileinstaller:profileinstaller:1.3.0] AndroidManifest.xml:38:13-36
140            android:permission="android.permission.DUMP" >
140-->[androidx.profileinstaller:profileinstaller:1.3.0] AndroidManifest.xml:39:13-57
141            <intent-filter>
141-->[androidx.profileinstaller:profileinstaller:1.3.0] AndroidManifest.xml:40:13-42:29
142                <action android:name="androidx.profileinstaller.action.INSTALL_PROFILE" />
142-->[androidx.profileinstaller:profileinstaller:1.3.0] AndroidManifest.xml:41:17-91
142-->[androidx.profileinstaller:profileinstaller:1.3.0] AndroidManifest.xml:41:25-88
143            </intent-filter>
144            <intent-filter>
144-->[androidx.profileinstaller:profileinstaller:1.3.0] AndroidManifest.xml:43:13-45:29
145                <action android:name="androidx.profileinstaller.action.SKIP_FILE" />
145-->[androidx.profileinstaller:profileinstaller:1.3.0] AndroidManifest.xml:44:17-85
145-->[androidx.profileinstaller:profileinstaller:1.3.0] AndroidManifest.xml:44:25-82
146            </intent-filter>
147            <intent-filter>
147-->[androidx.profileinstaller:profileinstaller:1.3.0] AndroidManifest.xml:46:13-48:29
148                <action android:name="androidx.profileinstaller.action.SAVE_PROFILE" />
148-->[androidx.profileinstaller:profileinstaller:1.3.0] AndroidManifest.xml:47:17-88
148-->[androidx.profileinstaller:profileinstaller:1.3.0] AndroidManifest.xml:47:25-85
149            </intent-filter>
150            <intent-filter>
150-->[androidx.profileinstaller:profileinstaller:1.3.0] AndroidManifest.xml:49:13-51:29
151                <action android:name="androidx.profileinstaller.action.BENCHMARK_OPERATION" />
151-->[androidx.profileinstaller:profileinstaller:1.3.0] AndroidManifest.xml:50:17-95
151-->[androidx.profileinstaller:profileinstaller:1.3.0] AndroidManifest.xml:50:25-92
152            </intent-filter>
153        </receiver>
154    </application>
155
156</manifest>